<?xml version="1.0" encoding="UTF-8"?>
<!-- Generated by org.testng.reporters.JUnitReportReporter -->
<testsuite skipped="0" hostname="LAPTOP-468AMR1I" name="Hybrid.logincrm" tests="10" failures="0" timestamp="2022-05-20T19:15:11 IST" time="46.205" errors="0">
  <testcase name="loginApp" time="5.021" classname="Hybrid.logincrm"/>
  <system-out/>
  <testcase name="signupapp" time="7.467" classname="Hybrid.logincrm"/>
  <system-out/>
  <testcase name="searchupapp" time="8.705" classname="Hybrid.logincrm"/>
  <system-out>
    <![CDATA[Bedsheet Done]]>
  </system-out>
  <testcase name="Bedapp" time="8.672" classname="Hybrid.logincrm"/>
  <system-out>
    <![CDATA[searching Done]]>
  </system-out>
  <testcase name="Bedappcart" time="4.060" classname="Hybrid.logincrm"/>
  <system-out>
    <![CDATA[bedapp Done]]>
  </system-out>
  <testcase name="assertions" time="3.490" classname="Hybrid.logincrm"/>
  <system-out>
    <![CDATA[assertions Done]]>
  </system-out>
  <testcase name="tvappcart" time="2.908" classname="Hybrid.logincrm"/>
  <system-out/>
  <testcase name="studyapp" time="3.181" classname="Hybrid.logincrm"/>
  <system-out/>
  <testcase name="aboutapp" time="2.040" classname="Hybrid.logincrm"/>
  <system-out/>
  <testcase name="infoapp" time="0.661" classname="Hybrid.logincrm"/>
  <system-out/>
</testsuite> <!-- Hybrid.logincrm -->
